<?xml version="1.0" encoding="UTF-8"?>
<!-- Generated by org.testng.reporters.JUnitReportReporter -->
<testsuite hostname="3icube-PC" name="com.qspiders.hybridframework.customers.CreateCustomer" tests="1" failures="0" timestamp="19 Nov 2013 07:06:32 GMT" time="0.007" errors="0">
  <testcase name="testCreateCustomer" time="0.007" classname="com.qspiders.hybridframework.customers.CreateCustomer"/>
</testsuite> <!-- com.qspiders.hybridframework.customers.CreateCustomer -->
