<?xml version="1.0" encoding="UTF-8"?>
<!-- Generated by org.testng.reporters.JUnitReportReporter -->
<testsuite hostname="3icube-PC" name="com.qspiders.hybridframework.settings.CreateBilling" tests="1" failures="0" timestamp="19 Nov 2013 07:47:46 GMT" time="0.001" errors="0">
  <testcase name="testCreateBilling" time="0.001" classname="com.qspiders.hybridframework.settings.CreateBilling"/>
</testsuite> <!-- com.qspiders.hybridframework.settings.CreateBilling -->
